# JRE version: Java(TM) SE Runtime Environment (16.0+36) (build 16+36-2231)
# Java VM: Java HotSpot(TM) 64-Bit Server VM (16+36-2231, mixed mode, sharing, tiered, compressed oops, g1 gc, windows-amd64)
GC Precious Log:
 CPUs: 8 total, 8 available
 Memory: 7934M
 Large Page Support: Disabled
 NUMA Support: Disabled
 Compressed Oops: Enabled (32-bit)
 Heap Region Size: 1M
 Heap Min Capacity: 8M
 Heap Initial Capacity: 124M
 Heap Max Capacity: 1984M
 Pre-touch: Disabled
 Parallel Workers: 8
 Concurrent Workers: 2
 Concurrent Refinement Workers: 8
 Periodic GC: Disabled
Heap:
 garbage-first heap   total 126976K, used 78828K [0x0000000084000000, 0x0000000100000000)
  region size 1024K, 62 young (63488K), 6 survivors (6144K)
 Metaspace       used 16013K, committed 16256K, reserved 1064960K
  class space    used 1794K, committed 1920K, reserved 1048576K
GC Heap History (20 events):
Event: 0.976 GC heap before
{Heap before GC invocations=0 (full 0):
 garbage-first heap   total 126976K, used 27648K [0x0000000084000000, 0x0000000100000000)
  region size 1024K, 23 young (23552K), 0 survivors (0K)
 Metaspace       used 13826K, committed 14016K, reserved 1064960K
  class space    used 1616K, committed 1728K, reserved 1048576K
}
Event: 0.981 GC heap after
{Heap after GC invocations=1 (full 0):
 garbage-first heap   total 126976K, used 9228K [0x0000000084000000, 0x0000000100000000)
  region size 1024K, 3 young (3072K), 3 survivors (3072K)
 Metaspace       used 13826K, committed 14016K, reserved 1064960K
  class space    used 1616K, committed 1728K, reserved 1048576K
}
Event: 15.836 GC heap before
{Heap before GC invocations=1 (full 0):
 garbage-first heap   total 126976K, used 44044K [0x0000000084000000, 0x0000000100000000)
  region size 1024K, 30 young (30720K), 3 survivors (3072K)
 Metaspace       used 15172K, committed 15360K, reserved 1064960K
  class space    used 1728K, committed 1856K, reserved 1048576K
}
Event: 15.839 GC heap after
{Heap after GC invocations=2 (full 0):
 garbage-first heap   total 126976K, used 17256K [0x0000000084000000, 0x0000000100000000)
  region size 1024K, 1 young (1024K), 1 survivors (1024K)
 Metaspace       used 15172K, committed 15360K, reserved 1064960K
  class space    used 1728K, committed 1856K, reserved 1048576K
}
Event: 27.122 GC heap before
{Heap before GC invocations=2 (full 0):
 garbage-first heap   total 126976K, used 92008K [0x0000000084000000, 0x0000000100000000)
  region size 1024K, 74 young (75776K), 1 survivors (1024K)
 Metaspace       used 15911K, committed 16128K, reserved 1064960K
  class space    used 1792K, committed 1920K, reserved 1048576K
}
Event: 27.137 GC heap after
{Heap after GC invocations=3 (full 0):
 garbage-first heap   total 126976K, used 21922K [0x0000000084000000, 0x0000000100000000)
  region size 1024K, 6 young (6144K), 6 survivors (6144K)
 Metaspace       used 15911K, committed 16128K, reserved 1064960K
  class space    used 1792K, committed 1920K, reserved 1048576K
}
Event: 29.243 GC heap before
{Heap before GC invocations=3 (full 0):
 garbage-first heap   total 126976K, used 90530K [0x0000000084000000, 0x0000000100000000)
  region size 1024K, 73 young (74752K), 6 survivors (6144K)
 Metaspace       used 15938K, committed 16192K, reserved 1064960K
  class space    used 1793K, committed 1920K, reserved 1048576K
}
Event: 29.259 GC heap after
{Heap after GC invocations=4 (full 0):
 garbage-first heap   total 126976K, used 22279K [0x0000000084000000, 0x0000000100000000)
  region size 1024K, 6 young (6144K), 6 survivors (6144K)
 Metaspace       used 15938K, committed 16192K, reserved 1064960K
  class space    used 1793K, committed 1920K, reserved 1048576K
}
Event: 31.318 GC heap before
{Heap before GC invocations=4 (full 0):
 garbage-first heap   total 126976K, used 91911K [0x0000000084000000, 0x0000000100000000)
  region size 1024K, 74 young (75776K), 6 survivors (6144K)
 Metaspace       used 15940K, committed 16192K, reserved 1064960K
  class space    used 1793K, committed 1920K, reserved 1048576K
}
Event: 31.334 GC heap after
{Heap after GC invocations=5 (full 0):
 garbage-first heap   total 126976K, used 22566K [0x0000000084000000, 0x0000000100000000)
  region size 1024K, 6 young (6144K), 6 survivors (6144K)
 Metaspace       used 15940K, committed 16192K, reserved 1064960K
  class space    used 1793K, committed 1920K, reserved 1048576K
}
Event: 33.407 GC heap before
{Heap before GC invocations=5 (full 0):
 garbage-first heap   total 126976K, used 92198K [0x0000000084000000, 0x0000000100000000)
  region size 1024K, 74 young (75776K), 6 survivors (6144K)
 Metaspace       used 15944K, committed 16192K, reserved 1064960K
  class space    used 1793K, committed 1920K, reserved 1048576K
}
Event: 33.424 GC heap after
{Heap after GC invocations=6 (full 0):
 garbage-first heap   total 126976K, used 22481K [0x0000000084000000, 0x0000000100000000)
  region size 1024K, 6 young (6144K), 6 survivors (6144K)
 Metaspace       used 15944K, committed 16192K, reserved 1064960K
  class space    used 1793K, committed 1920K, reserved 1048576K
}
Event: 35.492 GC heap before
{Heap before GC invocations=6 (full 0):
 garbage-first heap   total 126976K, used 92113K [0x0000000084000000, 0x0000000100000000)
  region size 1024K, 74 young (75776K), 6 survivors (6144K)
 Metaspace       used 15969K, committed 16192K, reserved 1064960K
  class space    used 1794K, committed 1920K, reserved 1048576K
}
Event: 35.508 GC heap after
{Heap after GC invocations=7 (full 0):
 garbage-first heap   total 126976K, used 22366K [0x0000000084000000, 0x0000000100000000)
  region size 1024K, 6 young (6144K), 6 survivors (6144K)
 Metaspace       used 15969K, committed 16192K, reserved 1064960K
  class space    used 1794K, committed 1920K, reserved 1048576K
}
Event: 37.596 GC heap before
{Heap before GC invocations=7 (full 0):
 garbage-first heap   total 126976K, used 91998K [0x0000000084000000, 0x0000000100000000)
  region size 1024K, 74 young (75776K), 6 survivors (6144K)
 Metaspace       used 15980K, committed 16192K, reserved 1064960K
  class space    used 1794K, committed 1920K, reserved 1048576K
}
Event: 37.613 GC heap after
{Heap after GC invocations=8 (full 0):
 garbage-first heap   total 126976K, used 22749K [0x0000000084000000, 0x0000000100000000)
  region size 1024K, 6 young (6144K), 6 survivors (6144K)
 Metaspace       used 15980K, committed 16192K, reserved 1064960K
  class space    used 1794K, committed 1920K, reserved 1048576K
}
Event: 39.723 GC heap before
{Heap before GC invocations=8 (full 0):
 garbage-first heap   total 126976K, used 92381K [0x0000000084000000, 0x0000000100000000)
  region size 1024K, 74 young (75776K), 6 survivors (6144K)
 Metaspace       used 15991K, committed 16192K, reserved 1064960K
  class space    used 1794K, committed 1920K, reserved 1048576K
}
Event: 39.741 GC heap after
{Heap after GC invocations=9 (full 0):
 garbage-first heap   total 126976K, used 22500K [0x0000000084000000, 0x0000000100000000)
  region size 1024K, 6 young (6144K), 6 survivors (6144K)
 Metaspace       used 15991K, committed 16192K, reserved 1064960K
  class space    used 1794K, committed 1920K, reserved 1048576K
}
Event: 41.972 GC heap before
{Heap before GC invocations=9 (full 0):
 garbage-first heap   total 126976K, used 92132K [0x0000000084000000, 0x0000000100000000)
  region size 1024K, 74 young (75776K), 6 survivors (6144K)
 Metaspace       used 16007K, committed 16256K, reserved 1064960K
  class space    used 1794K, committed 1920K, reserved 1048576K
}
Event: 41.987 GC heap after
{Heap after GC invocations=10 (full 0):
 garbage-first heap   total 126976K, used 22508K [0x0000000084000000, 0x0000000100000000)
  region size 1024K, 6 young (6144K), 6 survivors (6144K)
 Metaspace       used 16007K, committed 16256K, reserved 1064960K
  class space    used 1794K, committed 1920K, reserved 1048576K
}

