# JRE version: Java(TM) SE Runtime Environment (16.0+36) (build 16+36-2231)
# Java VM: Java HotSpot(TM) 64-Bit Server VM (16+36-2231, mixed mode, sharing, tiered, compressed oops, g1 gc, windows-amd64)
GC Precious Log:
 CPUs: 8 total, 8 available
 Memory: 7934M
 Large Page Support: Disabled
 NUMA Support: Disabled
 Compressed Oops: Enabled (32-bit)
 Heap Region Size: 1M
 Heap Min Capacity: 8M
 Heap Initial Capacity: 124M
 Heap Max Capacity: 1984M
 Pre-touch: Disabled
 Parallel Workers: 8
 Concurrent Workers: 2
 Concurrent Refinement Workers: 8
 Periodic GC: Disabled
Heap:
 garbage-first heap   total 61440K, used 18058K [0x0000000084000000, 0x0000000100000000)
  region size 1024K, 2 young (2048K), 0 survivors (0K)
 Metaspace       used 16171K, committed 16448K, reserved 1064960K
  class space    used 1773K, committed 1920K, reserved 1048576K
GC Heap History (8 events):
Event: 0.968 GC heap before
{Heap before GC invocations=0 (full 0):
 garbage-first heap   total 126976K, used 27648K [0x0000000084000000, 0x0000000100000000)
  region size 1024K, 23 young (23552K), 0 survivors (0K)
 Metaspace       used 13825K, committed 14016K, reserved 1064960K
  class space    used 1619K, committed 1728K, reserved 1048576K
}
Event: 0.974 GC heap after
{Heap after GC invocations=1 (full 0):
 garbage-first heap   total 126976K, used 9157K [0x0000000084000000, 0x0000000100000000)
  region size 1024K, 3 young (3072K), 3 survivors (3072K)
 Metaspace       used 13825K, committed 14016K, reserved 1064960K
  class space    used 1619K, committed 1728K, reserved 1048576K
}
Event: 4.888 GC heap before
{Heap before GC invocations=1 (full 0):
 garbage-first heap   total 126976K, used 44997K [0x0000000084000000, 0x0000000100000000)
  region size 1024K, 31 young (31744K), 3 survivors (3072K)
 Metaspace       used 15213K, committed 15424K, reserved 1064960K
  class space    used 1734K, committed 1856K, reserved 1048576K
}
Event: 4.891 GC heap after
{Heap after GC invocations=2 (full 0):
 garbage-first heap   total 126976K, used 17434K [0x0000000084000000, 0x0000000100000000)
  region size 1024K, 2 young (2048K), 2 survivors (2048K)
 Metaspace       used 15213K, committed 15424K, reserved 1064960K
  class space    used 1734K, committed 1856K, reserved 1048576K
}
Event: 81.246 GC heap before
{Heap before GC invocations=2 (full 0):
 garbage-first heap   total 126976K, used 31770K [0x0000000084000000, 0x0000000100000000)
  region size 1024K, 17 young (17408K), 2 survivors (2048K)
 Metaspace       used 16091K, committed 16320K, reserved 1064960K
  class space    used 1773K, committed 1920K, reserved 1048576K
}
Event: 81.258 GC heap after
{Heap after GC invocations=3 (full 1):
 garbage-first heap   total 61440K, used 17089K [0x0000000084000000, 0x0000000100000000)
  region size 1024K, 0 young (0K), 0 survivors (0K)
 Metaspace       used 16091K, committed 16320K, reserved 1064960K
  class space    used 1773K, committed 1920K, reserved 1048576K
}
Event: 94.803 GC heap before
{Heap before GC invocations=3 (full 1):
 garbage-first heap   total 61440K, used 20161K [0x0000000084000000, 0x0000000100000000)
  region size 1024K, 4 young (4096K), 0 survivors (0K)
 Metaspace       used 16151K, committed 16384K, reserved 1064960K
  class space    used 1773K, committed 1920K, reserved 1048576K
}
Event: 94.815 GC heap after
{Heap after GC invocations=4 (full 2):
 garbage-first heap   total 61440K, used 17034K [0x0000000084000000, 0x0000000100000000)
  region size 1024K, 0 young (0K), 0 survivors (0K)
 Metaspace       used 16151K, committed 16384K, reserved 1064960K
  class space    used 1773K, committed 1920K, reserved 1048576K
}

