# JRE version: Java(TM) SE Runtime Environment (16.0+36) (build 16+36-2231)
# Java VM: Java HotSpot(TM) 64-Bit Server VM (16+36-2231, mixed mode, sharing, tiered, compressed oops, g1 gc, windows-amd64)
GC Precious Log:
 CPUs: 8 total, 8 available
 Memory: 7934M
 Large Page Support: Disabled
 NUMA Support: Disabled
 Compressed Oops: Enabled (32-bit)
 Heap Region Size: 1M
 Heap Min Capacity: 8M
 Heap Initial Capacity: 124M
 Heap Max Capacity: 1984M
 Pre-touch: Disabled
 Parallel Workers: 8
 Concurrent Workers: 2
 Concurrent Refinement Workers: 8
 Periodic GC: Disabled
Heap:
 garbage-first heap   total 183296K, used 28367K [0x0000000084000000, 0x0000000100000000)
  region size 1024K, 12 young (12288K), 8 survivors (8192K)
 Metaspace       used 16169K, committed 16384K, reserved 1064960K
  class space    used 1798K, committed 1920K, reserved 1048576K
GC Heap History (20 events):
Event: 94.108 GC heap before
{Heap before GC invocations=11 (full 0):
 garbage-first heap   total 152576K, used 108522K [0x0000000084000000, 0x0000000100000000)
  region size 1024K, 89 young (91136K), 5 survivors (5120K)
 Metaspace       used 16082K, committed 16320K, reserved 1064960K
  class space    used 1795K, committed 1920K, reserved 1048576K
}
Event: 94.132 GC heap after
{Heap after GC invocations=12 (full 0):
 garbage-first heap   total 152576K, used 24153K [0x0000000084000000, 0x0000000100000000)
  region size 1024K, 7 young (7168K), 7 survivors (7168K)
 Metaspace       used 16082K, committed 16320K, reserved 1064960K
  class space    used 1795K, committed 1920K, reserved 1048576K
}
Event: 95.821 GC heap before
{Heap before GC invocations=12 (full 0):
 garbage-first heap   total 152576K, used 108121K [0x0000000084000000, 0x0000000100000000)
  region size 1024K, 89 young (91136K), 7 survivors (7168K)
 Metaspace       used 16082K, committed 16320K, reserved 1064960K
  class space    used 1795K, committed 1920K, reserved 1048576K
}
Event: 95.845 GC heap after
{Heap after GC invocations=13 (full 0):
 garbage-first heap   total 152576K, used 23820K [0x0000000084000000, 0x0000000100000000)
  region size 1024K, 7 young (7168K), 7 survivors (7168K)
 Metaspace       used 16082K, committed 16320K, reserved 1064960K
  class space    used 1795K, committed 1920K, reserved 1048576K
}
Event: 97.489 GC heap before
{Heap before GC invocations=13 (full 0):
 garbage-first heap   total 152576K, used 107788K [0x0000000084000000, 0x0000000100000000)
  region size 1024K, 89 young (91136K), 7 survivors (7168K)
 Metaspace       used 16082K, committed 16320K, reserved 1064960K
  class space    used 1795K, committed 1920K, reserved 1048576K
}
Event: 97.513 GC heap after
{Heap after GC invocations=14 (full 0):
 garbage-first heap   total 152576K, used 23825K [0x0000000084000000, 0x0000000100000000)
  region size 1024K, 7 young (7168K), 7 survivors (7168K)
 Metaspace       used 16082K, committed 16320K, reserved 1064960K
  class space    used 1795K, committed 1920K, reserved 1048576K
}
Event: 99.231 GC heap before
{Heap before GC invocations=14 (full 0):
 garbage-first heap   total 152576K, used 107793K [0x0000000084000000, 0x0000000100000000)
  region size 1024K, 89 young (91136K), 7 survivors (7168K)
 Metaspace       used 16082K, committed 16320K, reserved 1064960K
  class space    used 1795K, committed 1920K, reserved 1048576K
}
Event: 99.254 GC heap after
{Heap after GC invocations=15 (full 0):
 garbage-first heap   total 183296K, used 23827K [0x0000000084000000, 0x0000000100000000)
  region size 1024K, 7 young (7168K), 7 survivors (7168K)
 Metaspace       used 16082K, committed 16320K, reserved 1064960K
  class space    used 1795K, committed 1920K, reserved 1048576K
}
Event: 101.242 GC heap before
{Heap before GC invocations=15 (full 0):
 garbage-first heap   total 183296K, used 126227K [0x0000000084000000, 0x0000000100000000)
  region size 1024K, 107 young (109568K), 7 survivors (7168K)
 Metaspace       used 16082K, committed 16320K, reserved 1064960K
  class space    used 1795K, committed 1920K, reserved 1048576K
}
Event: 101.268 GC heap after
{Heap after GC invocations=16 (full 0):
 garbage-first heap   total 183296K, used 25296K [0x0000000084000000, 0x0000000100000000)
  region size 1024K, 8 young (8192K), 8 survivors (8192K)
 Metaspace       used 16082K, committed 16320K, reserved 1064960K
  class space    used 1795K, committed 1920K, reserved 1048576K
}
Event: 103.283 GC heap before
{Heap before GC invocations=16 (full 0):
 garbage-first heap   total 183296K, used 126672K [0x0000000084000000, 0x0000000100000000)
  region size 1024K, 107 young (109568K), 8 survivors (8192K)
 Metaspace       used 16082K, committed 16320K, reserved 1064960K
  class space    used 1795K, committed 1920K, reserved 1048576K
}
Event: 103.306 GC heap after
{Heap after GC invocations=17 (full 0):
 garbage-first heap   total 183296K, used 25256K [0x0000000084000000, 0x0000000100000000)
  region size 1024K, 8 young (8192K), 8 survivors (8192K)
 Metaspace       used 16082K, committed 16320K, reserved 1064960K
  class space    used 1795K, committed 1920K, reserved 1048576K
}
Event: 105.270 GC heap before
{Heap before GC invocations=17 (full 0):
 garbage-first heap   total 183296K, used 126632K [0x0000000084000000, 0x0000000100000000)
  region size 1024K, 107 young (109568K), 8 survivors (8192K)
 Metaspace       used 16082K, committed 16320K, reserved 1064960K
  class space    used 1795K, committed 1920K, reserved 1048576K
}
Event: 105.298 GC heap after
{Heap after GC invocations=18 (full 0):
 garbage-first heap   total 183296K, used 25272K [0x0000000084000000, 0x0000000100000000)
  region size 1024K, 8 young (8192K), 8 survivors (8192K)
 Metaspace       used 16082K, committed 16320K, reserved 1064960K
  class space    used 1795K, committed 1920K, reserved 1048576K
}
Event: 107.422 GC heap before
{Heap before GC invocations=18 (full 0):
 garbage-first heap   total 183296K, used 126648K [0x0000000084000000, 0x0000000100000000)
  region size 1024K, 107 young (109568K), 8 survivors (8192K)
 Metaspace       used 16082K, committed 16320K, reserved 1064960K
  class space    used 1795K, committed 1920K, reserved 1048576K
}
Event: 107.447 GC heap after
{Heap after GC invocations=19 (full 0):
 garbage-first heap   total 183296K, used 25105K [0x0000000084000000, 0x0000000100000000)
  region size 1024K, 8 young (8192K), 8 survivors (8192K)
 Metaspace       used 16082K, committed 16320K, reserved 1064960K
  class space    used 1795K, committed 1920K, reserved 1048576K
}
Event: 109.411 GC heap before
{Heap before GC invocations=19 (full 0):
 garbage-first heap   total 183296K, used 126481K [0x0000000084000000, 0x0000000100000000)
  region size 1024K, 107 young (109568K), 8 survivors (8192K)
 Metaspace       used 16082K, committed 16320K, reserved 1064960K
  class space    used 1795K, committed 1920K, reserved 1048576K
}
Event: 109.438 GC heap after
{Heap after GC invocations=20 (full 0):
 garbage-first heap   total 183296K, used 25290K [0x0000000084000000, 0x0000000100000000)
  region size 1024K, 8 young (8192K), 8 survivors (8192K)
 Metaspace       used 16082K, committed 16320K, reserved 1064960K
  class space    used 1795K, committed 1920K, reserved 1048576K
}
Event: 111.371 GC heap before
{Heap before GC invocations=20 (full 0):
 garbage-first heap   total 183296K, used 126666K [0x0000000084000000, 0x0000000100000000)
  region size 1024K, 107 young (109568K), 8 survivors (8192K)
 Metaspace       used 16082K, committed 16320K, reserved 1064960K
  class space    used 1795K, committed 1920K, reserved 1048576K
}
Event: 111.397 GC heap after
{Heap after GC invocations=21 (full 0):
 garbage-first heap   total 183296K, used 25295K [0x0000000084000000, 0x0000000100000000)
  region size 1024K, 8 young (8192K), 8 survivors (8192K)
 Metaspace       used 16082K, committed 16320K, reserved 1064960K
  class space    used 1795K, committed 1920K, reserved 1048576K
}

