# JRE version: Java(TM) SE Runtime Environment (16.0+36) (build 16+36-2231)
# Java VM: Java HotSpot(TM) 64-Bit Server VM (16+36-2231, mixed mode, sharing, tiered, compressed oops, g1 gc, windows-amd64)
GC Precious Log:
 CPUs: 8 total, 8 available
 Memory: 7934M
 Large Page Support: Disabled
 NUMA Support: Disabled
 Compressed Oops: Enabled (32-bit)
 Heap Region Size: 1M
 Heap Min Capacity: 8M
 Heap Initial Capacity: 124M
 Heap Max Capacity: 1984M
 Pre-touch: Disabled
 Parallel Workers: 8
 Concurrent Workers: 2
 Concurrent Refinement Workers: 8
 Periodic GC: Disabled
Heap:
 garbage-first heap   total 126976K, used 81064K [0x0000000084000000, 0x0000000100000000)
  region size 1024K, 64 young (65536K), 6 survivors (6144K)
 Metaspace       used 16044K, committed 16256K, reserved 1064960K
  class space    used 1796K, committed 1920K, reserved 1048576K
GC Heap History (20 events):
Event: 73.672 GC heap before
{Heap before GC invocations=6 (full 0):
 garbage-first heap   total 126976K, used 91952K [0x0000000084000000, 0x0000000100000000)
  region size 1024K, 74 young (75776K), 6 survivors (6144K)
 Metaspace       used 16041K, committed 16256K, reserved 1064960K
  class space    used 1796K, committed 1920K, reserved 1048576K
}
Event: 73.688 GC heap after
{Heap after GC invocations=7 (full 0):
 garbage-first heap   total 126976K, used 22447K [0x0000000084000000, 0x0000000100000000)
  region size 1024K, 6 young (6144K), 6 survivors (6144K)
 Metaspace       used 16041K, committed 16256K, reserved 1064960K
  class space    used 1796K, committed 1920K, reserved 1048576K
}
Event: 75.945 GC heap before
{Heap before GC invocations=7 (full 0):
 garbage-first heap   total 126976K, used 92079K [0x0000000084000000, 0x0000000100000000)
  region size 1024K, 74 young (75776K), 6 survivors (6144K)
 Metaspace       used 16041K, committed 16256K, reserved 1064960K
  class space    used 1796K, committed 1920K, reserved 1048576K
}
Event: 75.962 GC heap after
{Heap after GC invocations=8 (full 0):
 garbage-first heap   total 126976K, used 22571K [0x0000000084000000, 0x0000000100000000)
  region size 1024K, 6 young (6144K), 6 survivors (6144K)
 Metaspace       used 16041K, committed 16256K, reserved 1064960K
  class space    used 1796K, committed 1920K, reserved 1048576K
}
Event: 78.017 GC heap before
{Heap before GC invocations=8 (full 0):
 garbage-first heap   total 126976K, used 92203K [0x0000000084000000, 0x0000000100000000)
  region size 1024K, 74 young (75776K), 6 survivors (6144K)
 Metaspace       used 16041K, committed 16256K, reserved 1064960K
  class space    used 1796K, committed 1920K, reserved 1048576K
}
Event: 78.034 GC heap after
{Heap after GC invocations=9 (full 0):
 garbage-first heap   total 126976K, used 22574K [0x0000000084000000, 0x0000000100000000)
  region size 1024K, 6 young (6144K), 6 survivors (6144K)
 Metaspace       used 16041K, committed 16256K, reserved 1064960K
  class space    used 1796K, committed 1920K, reserved 1048576K
}
Event: 80.121 GC heap before
{Heap before GC invocations=9 (full 0):
 garbage-first heap   total 126976K, used 92206K [0x0000000084000000, 0x0000000100000000)
  region size 1024K, 74 young (75776K), 6 survivors (6144K)
 Metaspace       used 16041K, committed 16256K, reserved 1064960K
  class space    used 1796K, committed 1920K, reserved 1048576K
}
Event: 80.138 GC heap after
{Heap after GC invocations=10 (full 0):
 garbage-first heap   total 126976K, used 22452K [0x0000000084000000, 0x0000000100000000)
  region size 1024K, 6 young (6144K), 6 survivors (6144K)
 Metaspace       used 16041K, committed 16256K, reserved 1064960K
  class space    used 1796K, committed 1920K, reserved 1048576K
}
Event: 82.285 GC heap before
{Heap before GC invocations=10 (full 0):
 garbage-first heap   total 126976K, used 92084K [0x0000000084000000, 0x0000000100000000)
  region size 1024K, 74 young (75776K), 6 survivors (6144K)
 Metaspace       used 16041K, committed 16256K, reserved 1064960K
  class space    used 1796K, committed 1920K, reserved 1048576K
}
Event: 82.302 GC heap after
{Heap after GC invocations=11 (full 0):
 garbage-first heap   total 126976K, used 22580K [0x0000000084000000, 0x0000000100000000)
  region size 1024K, 6 young (6144K), 6 survivors (6144K)
 Metaspace       used 16041K, committed 16256K, reserved 1064960K
  class space    used 1796K, committed 1920K, reserved 1048576K
}
Event: 84.544 GC heap before
{Heap before GC invocations=11 (full 0):
 garbage-first heap   total 126976K, used 92212K [0x0000000084000000, 0x0000000100000000)
  region size 1024K, 74 young (75776K), 6 survivors (6144K)
 Metaspace       used 16041K, committed 16256K, reserved 1064960K
  class space    used 1796K, committed 1920K, reserved 1048576K
}
Event: 84.560 GC heap after
{Heap after GC invocations=12 (full 0):
 garbage-first heap   total 126976K, used 22570K [0x0000000084000000, 0x0000000100000000)
  region size 1024K, 6 young (6144K), 6 survivors (6144K)
 Metaspace       used 16041K, committed 16256K, reserved 1064960K
  class space    used 1796K, committed 1920K, reserved 1048576K
}
Event: 86.850 GC heap before
{Heap before GC invocations=12 (full 0):
 garbage-first heap   total 126976K, used 92202K [0x0000000084000000, 0x0000000100000000)
  region size 1024K, 74 young (75776K), 6 survivors (6144K)
 Metaspace       used 16041K, committed 16256K, reserved 1064960K
  class space    used 1796K, committed 1920K, reserved 1048576K
}
Event: 86.867 GC heap after
{Heap after GC invocations=13 (full 0):
 garbage-first heap   total 126976K, used 22706K [0x0000000084000000, 0x0000000100000000)
  region size 1024K, 6 young (6144K), 6 survivors (6144K)
 Metaspace       used 16041K, committed 16256K, reserved 1064960K
  class space    used 1796K, committed 1920K, reserved 1048576K
}
Event: 88.967 GC heap before
{Heap before GC invocations=13 (full 0):
 garbage-first heap   total 126976K, used 92338K [0x0000000084000000, 0x0000000100000000)
  region size 1024K, 74 young (75776K), 6 survivors (6144K)
 Metaspace       used 16043K, committed 16256K, reserved 1064960K
  class space    used 1796K, committed 1920K, reserved 1048576K
}
Event: 88.984 GC heap after
{Heap after GC invocations=14 (full 0):
 garbage-first heap   total 126976K, used 22706K [0x0000000084000000, 0x0000000100000000)
  region size 1024K, 6 young (6144K), 6 survivors (6144K)
 Metaspace       used 16043K, committed 16256K, reserved 1064960K
  class space    used 1796K, committed 1920K, reserved 1048576K
}
Event: 90.985 GC heap before
{Heap before GC invocations=14 (full 0):
 garbage-first heap   total 126976K, used 92338K [0x0000000084000000, 0x0000000100000000)
  region size 1024K, 74 young (75776K), 6 survivors (6144K)
 Metaspace       used 16043K, committed 16256K, reserved 1064960K
  class space    used 1796K, committed 1920K, reserved 1048576K
}
Event: 91.003 GC heap after
{Heap after GC invocations=15 (full 0):
 garbage-first heap   total 126976K, used 22577K [0x0000000084000000, 0x0000000100000000)
  region size 1024K, 6 young (6144K), 6 survivors (6144K)
 Metaspace       used 16043K, committed 16256K, reserved 1064960K
  class space    used 1796K, committed 1920K, reserved 1048576K
}
Event: 93.037 GC heap before
{Heap before GC invocations=15 (full 0):
 garbage-first heap   total 126976K, used 92209K [0x0000000084000000, 0x0000000100000000)
  region size 1024K, 74 young (75776K), 6 survivors (6144K)
 Metaspace       used 16043K, committed 16256K, reserved 1064960K
  class space    used 1796K, committed 1920K, reserved 1048576K
}
Event: 93.053 GC heap after
{Heap after GC invocations=16 (full 0):
 garbage-first heap   total 126976K, used 22696K [0x0000000084000000, 0x0000000100000000)
  region size 1024K, 6 young (6144K), 6 survivors (6144K)
 Metaspace       used 16043K, committed 16256K, reserved 1064960K
  class space    used 1796K, committed 1920K, reserved 1048576K
}

