# JRE version: Java(TM) SE Runtime Environment (16.0+36) (build 16+36-2231)
# Java VM: Java HotSpot(TM) 64-Bit Server VM (16+36-2231, mixed mode, sharing, tiered, compressed oops, g1 gc, windows-amd64)
GC Precious Log:
 CPUs: 8 total, 8 available
 Memory: 7934M
 Large Page Support: Disabled
 NUMA Support: Disabled
 Compressed Oops: Enabled (32-bit)
 Heap Region Size: 1M
 Heap Min Capacity: 8M
 Heap Initial Capacity: 124M
 Heap Max Capacity: 1984M
 Pre-touch: Disabled
 Parallel Workers: 8
 Concurrent Workers: 2
 Concurrent Refinement Workers: 8
 Periodic GC: Disabled
Heap:
 garbage-first heap   total 126976K, used 64682K [0x0000000084000000, 0x0000000100000000)
  region size 1024K, 48 young (49152K), 6 survivors (6144K)
 Metaspace       used 15936K, committed 16192K, reserved 1064960K
  class space    used 1789K, committed 1920K, reserved 1048576K
GC Heap History (12 events):
Event: 1.072 GC heap before
{Heap before GC invocations=0 (full 0):
 garbage-first heap   total 126976K, used 28672K [0x0000000084000000, 0x0000000100000000)
  region size 1024K, 23 young (23552K), 0 survivors (0K)
 Metaspace       used 13829K, committed 14016K, reserved 1064960K
  class space    used 1616K, committed 1728K, reserved 1048576K
}
Event: 1.077 GC heap after
{Heap after GC invocations=1 (full 0):
 garbage-first heap   total 126976K, used 9112K [0x0000000084000000, 0x0000000100000000)
  region size 1024K, 3 young (3072K), 3 survivors (3072K)
 Metaspace       used 13829K, committed 14016K, reserved 1064960K
  class space    used 1616K, committed 1728K, reserved 1048576K
}
Event: 2.953 GC heap before
{Heap before GC invocations=1 (full 0):
 garbage-first heap   total 126976K, used 43928K [0x0000000084000000, 0x0000000100000000)
  region size 1024K, 30 young (30720K), 3 survivors (3072K)
 Metaspace       used 15044K, committed 15232K, reserved 1064960K
  class space    used 1725K, committed 1856K, reserved 1048576K
}
Event: 2.957 GC heap after
{Heap after GC invocations=2 (full 0):
 garbage-first heap   total 126976K, used 17442K [0x0000000084000000, 0x0000000100000000)
  region size 1024K, 2 young (2048K), 2 survivors (2048K)
 Metaspace       used 15044K, committed 15232K, reserved 1064960K
  class space    used 1725K, committed 1856K, reserved 1048576K
}
Event: 16.432 GC heap before
{Heap before GC invocations=2 (full 0):
 garbage-first heap   total 126976K, used 91170K [0x0000000084000000, 0x0000000100000000)
  region size 1024K, 74 young (75776K), 2 survivors (2048K)
 Metaspace       used 15900K, committed 16128K, reserved 1064960K
  class space    used 1789K, committed 1920K, reserved 1048576K
}
Event: 16.442 GC heap after
{Heap after GC invocations=3 (full 0):
 garbage-first heap   total 126976K, used 21953K [0x0000000084000000, 0x0000000100000000)
  region size 1024K, 6 young (6144K), 6 survivors (6144K)
 Metaspace       used 15900K, committed 16128K, reserved 1064960K
  class space    used 1789K, committed 1920K, reserved 1048576K
}
Event: 18.294 GC heap before
{Heap before GC invocations=3 (full 0):
 garbage-first heap   total 126976K, used 90561K [0x0000000084000000, 0x0000000100000000)
  region size 1024K, 73 young (74752K), 6 survivors (6144K)
 Metaspace       used 15906K, committed 16128K, reserved 1064960K
  class space    used 1789K, committed 1920K, reserved 1048576K
}
Event: 18.310 GC heap after
{Heap after GC invocations=4 (full 0):
 garbage-first heap   total 126976K, used 22277K [0x0000000084000000, 0x0000000100000000)
  region size 1024K, 6 young (6144K), 6 survivors (6144K)
 Metaspace       used 15906K, committed 16128K, reserved 1064960K
  class space    used 1789K, committed 1920K, reserved 1048576K
}
Event: 20.287 GC heap before
{Heap before GC invocations=4 (full 0):
 garbage-first heap   total 126976K, used 91909K [0x0000000084000000, 0x0000000100000000)
  region size 1024K, 74 young (75776K), 6 survivors (6144K)
 Metaspace       used 15906K, committed 16128K, reserved 1064960K
  class space    used 1789K, committed 1920K, reserved 1048576K
}
Event: 20.308 GC heap after
{Heap after GC invocations=5 (full 0):
 garbage-first heap   total 126976K, used 22426K [0x0000000084000000, 0x0000000100000000)
  region size 1024K, 6 young (6144K), 6 survivors (6144K)
 Metaspace       used 15906K, committed 16128K, reserved 1064960K
  class space    used 1789K, committed 1920K, reserved 1048576K
}
Event: 22.454 GC heap before
{Heap before GC invocations=5 (full 0):
 garbage-first heap   total 126976K, used 92058K [0x0000000084000000, 0x0000000100000000)
  region size 1024K, 74 young (75776K), 6 survivors (6144K)
 Metaspace       used 15922K, committed 16192K, reserved 1064960K
  class space    used 1789K, committed 1920K, reserved 1048576K
}
Event: 22.471 GC heap after
{Heap after GC invocations=6 (full 0):
 garbage-first heap   total 126976K, used 22698K [0x0000000084000000, 0x0000000100000000)
  region size 1024K, 6 young (6144K), 6 survivors (6144K)
 Metaspace       used 15922K, committed 16192K, reserved 1064960K
  class space    used 1789K, committed 1920K, reserved 1048576K
}

