# JRE version: Java(TM) SE Runtime Environment (16.0+36) (build 16+36-2231)
# Java VM: Java HotSpot(TM) 64-Bit Server VM (16+36-2231, mixed mode, sharing, tiered, compressed oops, g1 gc, windows-amd64)
GC Precious Log:
 CPUs: 8 total, 8 available
 Memory: 7934M
 Large Page Support: Disabled
 NUMA Support: Disabled
 Compressed Oops: Enabled (32-bit)
 Heap Region Size: 1M
 Heap Min Capacity: 8M
 Heap Initial Capacity: 124M
 Heap Max Capacity: 1984M
 Pre-touch: Disabled
 Parallel Workers: 8
 Concurrent Workers: 2
 Concurrent Refinement Workers: 8
 Periodic GC: Disabled
Heap:
 garbage-first heap   total 65536K, used 18049K [0x0000000084000000, 0x0000000100000000)
  region size 1024K, 2 young (2048K), 0 survivors (0K)
 Metaspace       used 15699K, committed 15936K, reserved 1064960K
  class space    used 1742K, committed 1856K, reserved 1048576K
GC Heap History (6 events):
Event: 1.095 GC heap before
{Heap before GC invocations=0 (full 0):
 garbage-first heap   total 126976K, used 27648K [0x0000000084000000, 0x0000000100000000)
  region size 1024K, 23 young (23552K), 0 survivors (0K)
 Metaspace       used 13832K, committed 14016K, reserved 1064960K
  class space    used 1619K, committed 1728K, reserved 1048576K
}
Event: 1.100 GC heap after
{Heap after GC invocations=1 (full 0):
 garbage-first heap   total 126976K, used 9116K [0x0000000084000000, 0x0000000100000000)
  region size 1024K, 3 young (3072K), 3 survivors (3072K)
 Metaspace       used 13832K, committed 14016K, reserved 1064960K
  class space    used 1619K, committed 1728K, reserved 1048576K
}
Event: 3.227 GC heap before
{Heap before GC invocations=1 (full 0):
 garbage-first heap   total 126976K, used 43932K [0x0000000084000000, 0x0000000100000000)
  region size 1024K, 30 young (30720K), 3 survivors (3072K)
 Metaspace       used 15050K, committed 15296K, reserved 1064960K
  class space    used 1730K, committed 1856K, reserved 1048576K
}
Event: 3.231 GC heap after
{Heap after GC invocations=2 (full 0):
 garbage-first heap   total 126976K, used 17316K [0x0000000084000000, 0x0000000100000000)
  region size 1024K, 1 young (1024K), 1 survivors (1024K)
 Metaspace       used 15050K, committed 15296K, reserved 1064960K
  class space    used 1730K, committed 1856K, reserved 1048576K
}
Event: 40.180 GC heap before
{Heap before GC invocations=2 (full 0):
 garbage-first heap   total 126976K, used 27556K [0x0000000084000000, 0x0000000100000000)
  region size 1024K, 12 young (12288K), 1 survivors (1024K)
 Metaspace       used 15699K, committed 15936K, reserved 1064960K
  class space    used 1742K, committed 1856K, reserved 1048576K
}
Event: 40.193 GC heap after
{Heap after GC invocations=3 (full 1):
 garbage-first heap   total 65536K, used 17025K [0x0000000084000000, 0x0000000100000000)
  region size 1024K, 0 young (0K), 0 survivors (0K)
 Metaspace       used 15699K, committed 15936K, reserved 1064960K
  class space    used 1742K, committed 1856K, reserved 1048576K
}

